12-02 19:05:05 com_github_MitjaNemec_ReplicateLayout.action_replicate_layout 392:Plugin executed on: 'linux'
12-02 19:05:05 com_github_MitjaNemec_ReplicateLayout.action_replicate_layout 393:Plugin executed with python version: '3.10.13 (main, Aug 24 2023, 12:59:26) [GCC 12.2.0]'
12-02 19:05:05 com_github_MitjaNemec_ReplicateLayout.action_replicate_layout 394:KiCad build version: 7.0.7
12-02 19:05:05 com_github_MitjaNemec_ReplicateLayout.action_replicate_layout 395:Plugin version: 2.1.3
12-02 19:05:05 com_github_MitjaNemec_ReplicateLayout.action_replicate_layout 396:Frame repr: <wx._core.Frame object at 0x7f726c916950>
12-02 19:05:05 com_github_MitjaNemec_ReplicateLayout.action_replicate_layout 420:Preparing replicator with J2 as a reference
12-02 19:05:05 com_github_MitjaNemec_ReplicateLayout.replicate_layout 117:getting a list of all footprints on board
12-02 19:05:05 com_github_MitjaNemec_ReplicateLayout.action_replicate_layout 468:source anchor footprint is 'J2'
Located on: ['Untitled Sheet']
With filenames: ['Type_C-ESD.kicad_sch']
With sheet_id:['Untitled Sheet']
12-02 19:05:05 com_github_MitjaNemec_ReplicateLayout.action_replicate_layout 475:Corresponding footprints are 
[('J5', ['Untitled Sheet1']), ('J2', ['Untitled Sheet'])]
12-02 19:05:05 com_github_MitjaNemec_ReplicateLayout.action_replicate_layout 487:Showing dialog
12-02 19:05:05 com_github_MitjaNemec_ReplicateLayout.replicate_layout 424:constructing a list of sheets suitable for replication on level:'Untitled Sheet', file:'Type_C-ESD.kicad_sch'
12-02 19:05:05 com_github_MitjaNemec_ReplicateLayout.replicate_layout 461:suitable sheets are:[['Untitled Sheet1']]
12-02 19:05:05 com_github_MitjaNemec_ReplicateLayout.replicate_layout 1464:Level selected: ['Untitled Sheet']
12-02 19:05:05 com_github_MitjaNemec_ReplicateLayout.replicate_layout 1299:Filtering list of tracks
12-02 19:05:05 com_github_MitjaNemec_ReplicateLayout.action_replicate_layout 493:Toolbar position: wx.Point(1694, 158)
12-02 19:05:05 com_github_MitjaNemec_ReplicateLayout.action_replicate_layout 498:Dialog position: wx.Point(1255, 158)
12-02 19:05:08 com_github_MitjaNemec_ReplicateLayout.replicate_layout 424:constructing a list of sheets suitable for replication on level:'Untitled Sheet', file:'Type_C-ESD.kicad_sch'
12-02 19:05:08 com_github_MitjaNemec_ReplicateLayout.replicate_layout 461:suitable sheets are:[['Untitled Sheet1']]
12-02 19:05:08 com_github_MitjaNemec_ReplicateLayout.action_replicate_layout 240:Replicating layout
12-02 19:05:08 com_github_MitjaNemec_ReplicateLayout.replicate_layout 240:Starting replication of sheets: [['Untitled Sheet1']]
on level: ['Untitled Sheet']
with tracks=True, zone=True, text=True, text=True, intersecting=False, remove=False, locked footprints=False, group_only=False
12-02 19:05:08 root 332:updating GUI message: 'Preparing for replication'
12-02 19:05:09 com_github_MitjaNemec_ReplicateLayout.replicate_layout 310:Getting the list of source footprints
12-02 19:05:09 root 337:updating GUI with: 0
12-02 19:05:09 com_github_MitjaNemec_ReplicateLayout.replicate_layout 320:Getting the list of all the remaining footprints
12-02 19:05:09 com_github_MitjaNemec_ReplicateLayout.replicate_layout 327:Getting source tracks
12-02 19:05:09 com_github_MitjaNemec_ReplicateLayout.replicate_layout 1299:Filtering list of tracks
12-02 19:05:09 com_github_MitjaNemec_ReplicateLayout.replicate_layout 331:Getting source zones
12-02 19:05:09 com_github_MitjaNemec_ReplicateLayout.replicate_layout 335:Getting source text items
12-02 19:05:09 com_github_MitjaNemec_ReplicateLayout.replicate_layout 339:Getting source drawing items
12-02 19:05:09 root 332:updating GUI message: 'Replicating footprints'
12-02 19:05:09 com_github_MitjaNemec_ReplicateLayout.replicate_layout 806:Replicating footprints
12-02 19:05:09 com_github_MitjaNemec_ReplicateLayout.replicate_layout 813:Replicating footprints on sheet ['Untitled Sheet1']
12-02 19:05:09 root 332:updating GUI message: 'Replicating tracks'
12-02 19:05:09 com_github_MitjaNemec_ReplicateLayout.replicate_layout 977:Replicating tracks
12-02 19:05:09 com_github_MitjaNemec_ReplicateLayout.replicate_layout 983:Replicating tracks on sheet ['Untitled Sheet1']
12-02 19:05:09 com_github_MitjaNemec_ReplicateLayout.replicate_layout 766:Net pairs for sheet ['Untitled Sheet1'] :[('unconnected-(J2-SBU2-PadB8)', 'unconnected-(J5-SBU2-PadB8)'), ('/Untitled Sheet/CC1', '/Untitled Sheet1/CC1'), ('/Untitled Sheet/USB_{preESD}.D+', '/Untitled Sheet1/USB_{preESD}.D+'), ('Net-(J2-SHIELD)', 'Net-(J5-SHIELD)'), ('', ''), ('/Untitled Sheet/USB_{preESD}.D-', '/Untitled Sheet1/USB_{preESD}.D-'), ('/USB_{U2}.D-', '/USB_{U7}.D+'), ('/USB_{U2}.D+', '/USB_{U7}.D-'), ('/Untitled Sheet/CC2', '/Untitled Sheet1/CC2'), ('/Untitled Sheet/USB_{preR}.D+', '/Untitled Sheet1/USB_{preR}.D+'), ('GND', 'GND'), ('VBUS', '+5V'), ('/Untitled Sheet/USB_{preR}.D-', '/Untitled Sheet1/USB_{preR}.D-'), ('unconnected-(J2-SBU1-PadA8)', 'unconnected-(J5-SBU1-PadA8)')]
12-02 19:05:09 root 332:updating GUI message: 'Replicating zones'
12-02 19:05:09 com_github_MitjaNemec_ReplicateLayout.replicate_layout 1047:Replicating zones
12-02 19:05:09 com_github_MitjaNemec_ReplicateLayout.replicate_layout 1054:Replicating zones on sheet ['Untitled Sheet1']
12-02 19:05:09 com_github_MitjaNemec_ReplicateLayout.replicate_layout 766:Net pairs for sheet ['Untitled Sheet1'] :[('unconnected-(J2-SBU2-PadB8)', 'unconnected-(J5-SBU2-PadB8)'), ('/Untitled Sheet/CC1', '/Untitled Sheet1/CC1'), ('/Untitled Sheet/USB_{preESD}.D+', '/Untitled Sheet1/USB_{preESD}.D+'), ('Net-(J2-SHIELD)', 'Net-(J5-SHIELD)'), ('', ''), ('/Untitled Sheet/USB_{preESD}.D-', '/Untitled Sheet1/USB_{preESD}.D-'), ('/USB_{U2}.D-', '/USB_{U7}.D+'), ('/USB_{U2}.D+', '/USB_{U7}.D-'), ('/Untitled Sheet/CC2', '/Untitled Sheet1/CC2'), ('/Untitled Sheet/USB_{preR}.D+', '/Untitled Sheet1/USB_{preR}.D+'), ('GND', 'GND'), ('VBUS', '+5V'), ('/Untitled Sheet/USB_{preR}.D-', '/Untitled Sheet1/USB_{preR}.D-'), ('unconnected-(J2-SBU1-PadA8)', 'unconnected-(J5-SBU1-PadA8)')]
12-02 19:05:09 root 332:updating GUI message: 'Replicating text'
12-02 19:05:09 com_github_MitjaNemec_ReplicateLayout.replicate_layout 1136:Replicating text
12-02 19:05:09 com_github_MitjaNemec_ReplicateLayout.replicate_layout 1143:Replicating text on sheet ['Untitled Sheet1']
12-02 19:05:09 root 332:updating GUI message: 'Replicating drawings'
12-02 19:05:09 com_github_MitjaNemec_ReplicateLayout.replicate_layout 1187:Replicating drawings
12-02 19:05:09 com_github_MitjaNemec_ReplicateLayout.replicate_layout 1193:Replicating drawings on sheet ['Untitled Sheet1']
12-02 19:05:10 com_github_MitjaNemec_ReplicateLayout.action_replicate_layout 256:Replication complete
