11-29 22:04:41 com_github_MitjaNemec_ReplicateLayout.action_replicate_layout 359:Plugin executed on: 'linux'
11-29 22:04:41 com_github_MitjaNemec_ReplicateLayout.action_replicate_layout 360:Plugin executed with python version: '3.10.13 (main, Aug 24 2023, 12:59:26) [GCC 12.2.0]'
11-29 22:04:41 com_github_MitjaNemec_ReplicateLayout.action_replicate_layout 361:KiCad build version: 7.0.7
11-29 22:04:41 com_github_MitjaNemec_ReplicateLayout.action_replicate_layout 362:Plugin version: 2.0.7
11-29 22:04:41 com_github_MitjaNemec_ReplicateLayout.action_replicate_layout 363:Frame repr: <wx._core.Frame object at 0x7f0f3025e950>
11-29 22:04:41 com_github_MitjaNemec_ReplicateLayout.action_replicate_layout 387:Preparing replicator with D36 as a reference
11-29 22:04:41 com_github_MitjaNemec_ReplicateLayout.replicate_layout 113:getting a list of all footprints on board
11-29 22:04:41 com_github_MitjaNemec_ReplicateLayout.action_replicate_layout 435:source anchor footprint is 'D36'
Located on: ['pixel35']
With filenames: ['pixel.kicad_sch']
With sheet_id:['pixel35']
11-29 22:04:41 com_github_MitjaNemec_ReplicateLayout.action_replicate_layout 442:Corresponding footprints are 
[('D4', ['pixel3']), ('D38', ['pixel37']), ('D34', ['pixel33']), ('D11', ['pixel10']), ('D28', ['pixel27']), ('D10', ['pixel9']), ('D22', ['pixel21']), ('D36', ['pixel35']), ('D14', ['pixel13']), ('D23', ['pixel22']), ('D30', ['pixel29']), ('D17', ['pixel16']), ('D1', ['pixel0']), ('D20', ['pixel19']), ('D35', ['pixel34']), ('D15', ['pixel14']), ('D27', ['pixel26']), ('D37', ['pixel36']), ('D8', ['pixel7']), ('D33', ['pixel32']), ('D3', ['pixel2']), ('D32', ['pixel31']), ('D25', ['pixel24']), ('D18', ['pixel17']), ('D26', ['pixel25']), ('D24', ['pixel23']), ('D9', ['pixel8']), ('D21', ['pixel20']), ('D13', ['pixel12']), ('D19', ['pixel18']), ('D29', ['pixel28']), ('D12', ['pixel11']), ('D7', ['pixel6']), ('D5', ['pixel4']), ('D31', ['pixel30']), ('D2', ['pixel1']), ('D6', ['pixel5']), ('D16', ['pixel15'])]
11-29 22:04:41 com_github_MitjaNemec_ReplicateLayout.action_replicate_layout 454:Showing dialog
11-29 22:04:41 com_github_MitjaNemec_ReplicateLayout.replicate_layout 384:constructing a list of sheets suitable for replication on level:'pixel35', file:'pixel.kicad_sch'
11-29 22:04:41 com_github_MitjaNemec_ReplicateLayout.replicate_layout 421:suitable sheets are:[['pixel0'], ['pixel1'], ['pixel10'], ['pixel11'], ['pixel12'], ['pixel13'], ['pixel14'], ['pixel15'], ['pixel16'], ['pixel17'], ['pixel18'], ['pixel19'], ['pixel2'], ['pixel20'], ['pixel21'], ['pixel22'], ['pixel23'], ['pixel24'], ['pixel25'], ['pixel26'], ['pixel27'], ['pixel28'], ['pixel29'], ['pixel3'], ['pixel30'], ['pixel31'], ['pixel32'], ['pixel33'], ['pixel34'], ['pixel36'], ['pixel37'], ['pixel4'], ['pixel5'], ['pixel6'], ['pixel7'], ['pixel8'], ['pixel9']]
11-29 22:04:41 com_github_MitjaNemec_ReplicateLayout.replicate_layout 1332:Level selected: ['pixel35']
11-29 22:04:41 com_github_MitjaNemec_ReplicateLayout.replicate_layout 1167:Filtering list of tracks
11-29 22:04:41 com_github_MitjaNemec_ReplicateLayout.action_replicate_layout 460:Toolbar position: wx.Point(1219, 158)
11-29 22:04:41 com_github_MitjaNemec_ReplicateLayout.action_replicate_layout 465:Dialog position: wx.Point(855, 158)
11-29 22:04:46 com_github_MitjaNemec_ReplicateLayout.replicate_layout 384:constructing a list of sheets suitable for replication on level:'pixel35', file:'pixel.kicad_sch'
11-29 22:04:46 com_github_MitjaNemec_ReplicateLayout.replicate_layout 421:suitable sheets are:[['pixel0'], ['pixel1'], ['pixel10'], ['pixel11'], ['pixel12'], ['pixel13'], ['pixel14'], ['pixel15'], ['pixel16'], ['pixel17'], ['pixel18'], ['pixel19'], ['pixel2'], ['pixel20'], ['pixel21'], ['pixel22'], ['pixel23'], ['pixel24'], ['pixel25'], ['pixel26'], ['pixel27'], ['pixel28'], ['pixel29'], ['pixel3'], ['pixel30'], ['pixel31'], ['pixel32'], ['pixel33'], ['pixel34'], ['pixel36'], ['pixel37'], ['pixel4'], ['pixel5'], ['pixel6'], ['pixel7'], ['pixel8'], ['pixel9']]
11-29 22:04:46 com_github_MitjaNemec_ReplicateLayout.action_replicate_layout 207:Replicating layout
11-29 22:04:46 com_github_MitjaNemec_ReplicateLayout.replicate_layout 230:Starting replication of sheets: [['pixel0'], ['pixel1'], ['pixel10'], ['pixel11'], ['pixel12'], ['pixel13'], ['pixel14'], ['pixel15'], ['pixel16'], ['pixel17'], ['pixel18'], ['pixel19'], ['pixel2'], ['pixel20'], ['pixel21'], ['pixel22'], ['pixel23'], ['pixel24'], ['pixel25'], ['pixel26'], ['pixel27'], ['pixel28'], ['pixel29'], ['pixel3'], ['pixel30'], ['pixel31'], ['pixel32'], ['pixel33'], ['pixel34'], ['pixel36'], ['pixel37'], ['pixel4'], ['pixel5'], ['pixel6'], ['pixel7'], ['pixel8'], ['pixel9']]
on level: ['pixel35']
with tracks=True, zone=True, text=True, text=True, intersecting=False, remove=False, locked footprints=False, group_only=False
11-29 22:04:46 root 299:updating GUI message: 'Preparing for replication'
11-29 22:04:46 root 304:updating GUI with: 0
11-29 22:04:46 com_github_MitjaNemec_ReplicateLayout.replicate_layout 300:Getting the list of source footprints
11-29 22:04:46 root 304:updating GUI with: 0
11-29 22:04:46 com_github_MitjaNemec_ReplicateLayout.replicate_layout 310:Getting the list of all the remaining footprints
11-29 22:04:46 root 304:updating GUI with: 16
11-29 22:04:46 com_github_MitjaNemec_ReplicateLayout.replicate_layout 317:Getting source tracks
11-29 22:04:46 com_github_MitjaNemec_ReplicateLayout.replicate_layout 1167:Filtering list of tracks
11-29 22:04:46 com_github_MitjaNemec_ReplicateLayout.replicate_layout 321:Getting source zones
11-29 22:04:46 com_github_MitjaNemec_ReplicateLayout.replicate_layout 325:Getting source text items
11-29 22:04:46 com_github_MitjaNemec_ReplicateLayout.replicate_layout 329:Getting source drawing items
11-29 22:04:46 root 299:updating GUI message: 'Replicating footprints'
11-29 22:04:46 com_github_MitjaNemec_ReplicateLayout.replicate_layout 724:Replicating footprints
11-29 22:04:46 com_github_MitjaNemec_ReplicateLayout.replicate_layout 730:Replicating footprints on sheet ['pixel0']
11-29 22:04:46 root 304:updating GUI with: 2
11-29 22:04:46 root 304:updating GUI with: 2
11-29 22:04:46 com_github_MitjaNemec_ReplicateLayout.replicate_layout 730:Replicating footprints on sheet ['pixel1']
11-29 22:04:46 com_github_MitjaNemec_ReplicateLayout.replicate_layout 730:Replicating footprints on sheet ['pixel10']
11-29 22:04:46 com_github_MitjaNemec_ReplicateLayout.replicate_layout 730:Replicating footprints on sheet ['pixel11']
11-29 22:04:46 com_github_MitjaNemec_ReplicateLayout.replicate_layout 730:Replicating footprints on sheet ['pixel12']
11-29 22:04:46 com_github_MitjaNemec_ReplicateLayout.replicate_layout 730:Replicating footprints on sheet ['pixel13']
11-29 22:04:46 com_github_MitjaNemec_ReplicateLayout.replicate_layout 730:Replicating footprints on sheet ['pixel14']
11-29 22:04:46 com_github_MitjaNemec_ReplicateLayout.replicate_layout 730:Replicating footprints on sheet ['pixel15']
11-29 22:04:46 com_github_MitjaNemec_ReplicateLayout.replicate_layout 730:Replicating footprints on sheet ['pixel16']
11-29 22:04:46 com_github_MitjaNemec_ReplicateLayout.replicate_layout 730:Replicating footprints on sheet ['pixel17']
11-29 22:04:46 com_github_MitjaNemec_ReplicateLayout.replicate_layout 730:Replicating footprints on sheet ['pixel18']
11-29 22:04:46 com_github_MitjaNemec_ReplicateLayout.replicate_layout 730:Replicating footprints on sheet ['pixel19']
11-29 22:04:46 com_github_MitjaNemec_ReplicateLayout.replicate_layout 730:Replicating footprints on sheet ['pixel2']
11-29 22:04:46 com_github_MitjaNemec_ReplicateLayout.replicate_layout 730:Replicating footprints on sheet ['pixel20']
11-29 22:04:46 com_github_MitjaNemec_ReplicateLayout.replicate_layout 730:Replicating footprints on sheet ['pixel21']
11-29 22:04:46 com_github_MitjaNemec_ReplicateLayout.replicate_layout 730:Replicating footprints on sheet ['pixel22']
11-29 22:04:46 com_github_MitjaNemec_ReplicateLayout.replicate_layout 730:Replicating footprints on sheet ['pixel23']
11-29 22:04:46 com_github_MitjaNemec_ReplicateLayout.replicate_layout 730:Replicating footprints on sheet ['pixel24']
11-29 22:04:46 com_github_MitjaNemec_ReplicateLayout.replicate_layout 730:Replicating footprints on sheet ['pixel25']
11-29 22:04:46 com_github_MitjaNemec_ReplicateLayout.replicate_layout 730:Replicating footprints on sheet ['pixel26']
11-29 22:04:46 com_github_MitjaNemec_ReplicateLayout.replicate_layout 730:Replicating footprints on sheet ['pixel27']
11-29 22:04:46 com_github_MitjaNemec_ReplicateLayout.replicate_layout 730:Replicating footprints on sheet ['pixel28']
11-29 22:04:46 com_github_MitjaNemec_ReplicateLayout.replicate_layout 730:Replicating footprints on sheet ['pixel29']
11-29 22:04:46 com_github_MitjaNemec_ReplicateLayout.replicate_layout 730:Replicating footprints on sheet ['pixel3']
11-29 22:04:46 com_github_MitjaNemec_ReplicateLayout.replicate_layout 730:Replicating footprints on sheet ['pixel30']
11-29 22:04:46 com_github_MitjaNemec_ReplicateLayout.replicate_layout 730:Replicating footprints on sheet ['pixel31']
11-29 22:04:46 com_github_MitjaNemec_ReplicateLayout.replicate_layout 730:Replicating footprints on sheet ['pixel32']
11-29 22:04:46 com_github_MitjaNemec_ReplicateLayout.replicate_layout 730:Replicating footprints on sheet ['pixel33']
11-29 22:04:46 com_github_MitjaNemec_ReplicateLayout.replicate_layout 730:Replicating footprints on sheet ['pixel34']
11-29 22:04:46 com_github_MitjaNemec_ReplicateLayout.replicate_layout 730:Replicating footprints on sheet ['pixel36']
11-29 22:04:46 com_github_MitjaNemec_ReplicateLayout.replicate_layout 730:Replicating footprints on sheet ['pixel37']
11-29 22:04:46 com_github_MitjaNemec_ReplicateLayout.replicate_layout 730:Replicating footprints on sheet ['pixel4']
11-29 22:04:46 com_github_MitjaNemec_ReplicateLayout.replicate_layout 730:Replicating footprints on sheet ['pixel5']
11-29 22:04:46 com_github_MitjaNemec_ReplicateLayout.replicate_layout 730:Replicating footprints on sheet ['pixel6']
11-29 22:04:46 com_github_MitjaNemec_ReplicateLayout.replicate_layout 730:Replicating footprints on sheet ['pixel7']
11-29 22:04:46 com_github_MitjaNemec_ReplicateLayout.replicate_layout 730:Replicating footprints on sheet ['pixel8']
11-29 22:04:46 com_github_MitjaNemec_ReplicateLayout.replicate_layout 730:Replicating footprints on sheet ['pixel9']
11-29 22:04:46 root 299:updating GUI message: 'Replicating tracks'
11-29 22:04:46 com_github_MitjaNemec_ReplicateLayout.replicate_layout 889:Replicating tracks
11-29 22:04:46 root 304:updating GUI with: 0
11-29 22:04:46 com_github_MitjaNemec_ReplicateLayout.replicate_layout 895:Replicating tracks on sheet ['pixel0']
11-29 22:04:46 com_github_MitjaNemec_ReplicateLayout.replicate_layout 719:Net pairs for sheet ['pixel0'] :[('/pixel35/D_{out}', '/pixel0/D_{out}'), ('VCC', 'VCC'), ('GND', 'GND')]
11-29 22:04:46 com_github_MitjaNemec_ReplicateLayout.replicate_layout 895:Replicating tracks on sheet ['pixel1']
11-29 22:04:46 com_github_MitjaNemec_ReplicateLayout.replicate_layout 719:Net pairs for sheet ['pixel1'] :[('/pixel34/D_{out}', '/pixel0/D_{out}'), ('VCC', 'VCC'), ('/pixel35/D_{out}', '/pixel1/D_{out}'), ('GND', 'GND')]
11-29 22:04:46 com_github_MitjaNemec_ReplicateLayout.replicate_layout 895:Replicating tracks on sheet ['pixel10']
11-29 22:04:46 com_github_MitjaNemec_ReplicateLayout.replicate_layout 719:Net pairs for sheet ['pixel10'] :[('/pixel35/D_{out}', '/pixel10/D_{out}'), ('VCC', 'VCC'), ('GND', 'GND')]
11-29 22:04:46 com_github_MitjaNemec_ReplicateLayout.replicate_layout 895:Replicating tracks on sheet ['pixel11']
11-29 22:04:46 com_github_MitjaNemec_ReplicateLayout.replicate_layout 719:Net pairs for sheet ['pixel11'] :[('/pixel35/D_{out}', '/pixel11/D_{out}'), ('VCC', 'VCC'), ('/pixel34/D_{out}', '/pixel10/D_{out}'), ('GND', 'GND')]
11-29 22:04:46 com_github_MitjaNemec_ReplicateLayout.replicate_layout 895:Replicating tracks on sheet ['pixel12']
11-29 22:04:46 com_github_MitjaNemec_ReplicateLayout.replicate_layout 719:Net pairs for sheet ['pixel12'] :[('VCC', 'VCC'), ('GND', 'GND'), ('/pixel34/D_{out}', '/pixel11/D_{out}'), ('/pixel35/D_{out}', '/pixel12/D_{out}')]
11-29 22:04:46 com_github_MitjaNemec_ReplicateLayout.replicate_layout 895:Replicating tracks on sheet ['pixel13']
11-29 22:04:46 com_github_MitjaNemec_ReplicateLayout.replicate_layout 719:Net pairs for sheet ['pixel13'] :[('/pixel35/D_{out}', '/pixel13/D_{out}'), ('/pixel34/D_{out}', '/pixel12/D_{out}'), ('GND', 'GND'), ('VCC', 'VCC')]
11-29 22:04:46 com_github_MitjaNemec_ReplicateLayout.replicate_layout 895:Replicating tracks on sheet ['pixel14']
11-29 22:04:46 com_github_MitjaNemec_ReplicateLayout.replicate_layout 719:Net pairs for sheet ['pixel14'] :[('VCC', 'VCC'), ('/pixel35/D_{out}', '/pixel14/D_{out}'), ('/pixel34/D_{out}', '/pixel13/D_{out}'), ('GND', 'GND')]
11-29 22:04:46 com_github_MitjaNemec_ReplicateLayout.replicate_layout 895:Replicating tracks on sheet ['pixel15']
11-29 22:04:46 com_github_MitjaNemec_ReplicateLayout.replicate_layout 719:Net pairs for sheet ['pixel15'] :[('/pixel34/D_{out}', '/pixel14/D_{out}'), ('VCC', 'VCC'), ('/pixel35/D_{out}', '/pixel15/D_{out}'), ('GND', 'GND')]
11-29 22:04:46 com_github_MitjaNemec_ReplicateLayout.replicate_layout 895:Replicating tracks on sheet ['pixel16']
11-29 22:04:46 com_github_MitjaNemec_ReplicateLayout.replicate_layout 719:Net pairs for sheet ['pixel16'] :[('/pixel34/D_{out}', '/pixel15/D_{out}'), ('VCC', 'VCC'), ('/pixel35/D_{out}', '/pixel16/D_{out}'), ('GND', 'GND')]
11-29 22:04:46 com_github_MitjaNemec_ReplicateLayout.replicate_layout 895:Replicating tracks on sheet ['pixel17']
11-29 22:04:46 com_github_MitjaNemec_ReplicateLayout.replicate_layout 719:Net pairs for sheet ['pixel17'] :[('/pixel34/D_{out}', '/pixel16/D_{out}'), ('VCC', 'VCC'), ('/pixel35/D_{out}', '/pixel17/D_{out}'), ('GND', 'GND')]
11-29 22:04:46 com_github_MitjaNemec_ReplicateLayout.replicate_layout 895:Replicating tracks on sheet ['pixel18']
11-29 22:04:46 com_github_MitjaNemec_ReplicateLayout.replicate_layout 719:Net pairs for sheet ['pixel18'] :[('/pixel35/D_{out}', '/pixel18/D_{out}'), ('/pixel34/D_{out}', '/pixel17/D_{out}'), ('VCC', 'VCC'), ('GND', 'GND')]
11-29 22:04:46 com_github_MitjaNemec_ReplicateLayout.replicate_layout 895:Replicating tracks on sheet ['pixel19']
11-29 22:04:46 com_github_MitjaNemec_ReplicateLayout.replicate_layout 719:Net pairs for sheet ['pixel19'] :[('/pixel35/D_{out}', '/pixel19/D_{out}'), ('VCC', 'VCC'), ('/pixel34/D_{out}', '/pixel18/D_{out}'), ('GND', 'GND')]
11-29 22:04:46 com_github_MitjaNemec_ReplicateLayout.replicate_layout 895:Replicating tracks on sheet ['pixel2']
11-29 22:04:46 com_github_MitjaNemec_ReplicateLayout.replicate_layout 719:Net pairs for sheet ['pixel2'] :[('/pixel35/D_{out}', '/pixel2/D_{out}'), ('VCC', 'VCC'), ('/pixel34/D_{out}', '/pixel1/D_{out}'), ('GND', 'GND')]
11-29 22:04:46 com_github_MitjaNemec_ReplicateLayout.replicate_layout 895:Replicating tracks on sheet ['pixel20']
11-29 22:04:46 com_github_MitjaNemec_ReplicateLayout.replicate_layout 719:Net pairs for sheet ['pixel20'] :[('/pixel35/D_{out}', '/pixel20/D_{out}'), ('VCC', 'VCC'), ('/pixel34/D_{out}', '/pixel19/D_{out}'), ('GND', 'GND')]
11-29 22:04:46 com_github_MitjaNemec_ReplicateLayout.replicate_layout 895:Replicating tracks on sheet ['pixel21']
11-29 22:04:46 com_github_MitjaNemec_ReplicateLayout.replicate_layout 719:Net pairs for sheet ['pixel21'] :[('/pixel35/D_{out}', '/pixel21/D_{out}'), ('/pixel34/D_{out}', '/pixel20/D_{out}'), ('VCC', 'VCC'), ('GND', 'GND')]
11-29 22:04:46 com_github_MitjaNemec_ReplicateLayout.replicate_layout 895:Replicating tracks on sheet ['pixel22']
11-29 22:04:46 com_github_MitjaNemec_ReplicateLayout.replicate_layout 719:Net pairs for sheet ['pixel22'] :[('/pixel35/D_{out}', '/pixel22/D_{out}'), ('VCC', 'VCC'), ('/pixel34/D_{out}', '/pixel21/D_{out}'), ('GND', 'GND')]
11-29 22:04:46 com_github_MitjaNemec_ReplicateLayout.replicate_layout 895:Replicating tracks on sheet ['pixel23']
11-29 22:04:46 com_github_MitjaNemec_ReplicateLayout.replicate_layout 719:Net pairs for sheet ['pixel23'] :[('/pixel34/D_{out}', '/pixel22/D_{out}'), ('VCC', 'VCC'), ('/pixel35/D_{out}', '/pixel23/D_{out}'), ('GND', 'GND')]
11-29 22:04:46 com_github_MitjaNemec_ReplicateLayout.replicate_layout 895:Replicating tracks on sheet ['pixel24']
11-29 22:04:46 com_github_MitjaNemec_ReplicateLayout.replicate_layout 719:Net pairs for sheet ['pixel24'] :[('/pixel34/D_{out}', '/pixel23/D_{out}'), ('/pixel35/D_{out}', '/pixel24/D_{out}'), ('VCC', 'VCC'), ('GND', 'GND')]
11-29 22:04:46 com_github_MitjaNemec_ReplicateLayout.replicate_layout 895:Replicating tracks on sheet ['pixel25']
11-29 22:04:46 com_github_MitjaNemec_ReplicateLayout.replicate_layout 719:Net pairs for sheet ['pixel25'] :[('/pixel34/D_{out}', '/pixel24/D_{out}'), ('VCC', 'VCC'), ('/pixel35/D_{out}', '/pixel25/D_{out}'), ('GND', 'GND')]
11-29 22:04:46 com_github_MitjaNemec_ReplicateLayout.replicate_layout 895:Replicating tracks on sheet ['pixel26']
11-29 22:04:46 com_github_MitjaNemec_ReplicateLayout.replicate_layout 719:Net pairs for sheet ['pixel26'] :[('/pixel35/D_{out}', '/pixel26/D_{out}'), ('VCC', 'VCC'), ('/pixel34/D_{out}', '/pixel25/D_{out}'), ('GND', 'GND')]
11-29 22:04:46 com_github_MitjaNemec_ReplicateLayout.replicate_layout 895:Replicating tracks on sheet ['pixel27']
11-29 22:04:46 com_github_MitjaNemec_ReplicateLayout.replicate_layout 719:Net pairs for sheet ['pixel27'] :[('/pixel34/D_{out}', '/pixel26/D_{out}'), ('/pixel35/D_{out}', '/pixel27/D_{out}'), ('VCC', 'VCC'), ('GND', 'GND')]
11-29 22:04:46 com_github_MitjaNemec_ReplicateLayout.replicate_layout 895:Replicating tracks on sheet ['pixel28']
11-29 22:04:46 com_github_MitjaNemec_ReplicateLayout.replicate_layout 719:Net pairs for sheet ['pixel28'] :[('/pixel35/D_{out}', '/pixel28/D_{out}'), ('VCC', 'VCC'), ('/pixel34/D_{out}', '/pixel27/D_{out}'), ('GND', 'GND')]
11-29 22:04:46 com_github_MitjaNemec_ReplicateLayout.replicate_layout 895:Replicating tracks on sheet ['pixel29']
11-29 22:04:46 com_github_MitjaNemec_ReplicateLayout.replicate_layout 719:Net pairs for sheet ['pixel29'] :[('/pixel35/D_{out}', '/pixel29/D_{out}'), ('VCC', 'VCC'), ('/pixel34/D_{out}', '/pixel28/D_{out}'), ('GND', 'GND')]
11-29 22:04:46 com_github_MitjaNemec_ReplicateLayout.replicate_layout 895:Replicating tracks on sheet ['pixel3']
11-29 22:04:46 com_github_MitjaNemec_ReplicateLayout.replicate_layout 719:Net pairs for sheet ['pixel3'] :[('/pixel34/D_{out}', '/pixel2/D_{out}'), ('GND', 'GND'), ('/pixel35/D_{out}', '/pixel3/D_{out}'), ('VCC', 'VCC')]
11-29 22:04:46 com_github_MitjaNemec_ReplicateLayout.replicate_layout 895:Replicating tracks on sheet ['pixel30']
11-29 22:04:46 com_github_MitjaNemec_ReplicateLayout.replicate_layout 719:Net pairs for sheet ['pixel30'] :[('/pixel35/D_{out}', '/pixel30/D_{out}'), ('/pixel34/D_{out}', '/pixel29/D_{out}'), ('VCC', 'VCC'), ('GND', 'GND')]
11-29 22:04:46 com_github_MitjaNemec_ReplicateLayout.replicate_layout 895:Replicating tracks on sheet ['pixel31']
11-29 22:04:46 com_github_MitjaNemec_ReplicateLayout.replicate_layout 719:Net pairs for sheet ['pixel31'] :[('/pixel34/D_{out}', '/pixel30/D_{out}'), ('/pixel35/D_{out}', '/pixel31/D_{out}'), ('VCC', 'VCC'), ('GND', 'GND')]
11-29 22:04:46 com_github_MitjaNemec_ReplicateLayout.replicate_layout 895:Replicating tracks on sheet ['pixel32']
11-29 22:04:46 com_github_MitjaNemec_ReplicateLayout.replicate_layout 719:Net pairs for sheet ['pixel32'] :[('/pixel35/D_{out}', '/pixel32/D_{out}'), ('VCC', 'VCC'), ('/pixel34/D_{out}', '/pixel31/D_{out}'), ('GND', 'GND')]
11-29 22:04:46 com_github_MitjaNemec_ReplicateLayout.replicate_layout 895:Replicating tracks on sheet ['pixel33']
11-29 22:04:46 com_github_MitjaNemec_ReplicateLayout.replicate_layout 719:Net pairs for sheet ['pixel33'] :[('/pixel35/D_{out}', '/pixel33/D_{out}'), ('VCC', 'VCC'), ('GND', 'GND'), ('/pixel34/D_{out}', '/pixel32/D_{out}')]
11-29 22:04:46 com_github_MitjaNemec_ReplicateLayout.replicate_layout 895:Replicating tracks on sheet ['pixel34']
11-29 22:04:46 com_github_MitjaNemec_ReplicateLayout.replicate_layout 719:Net pairs for sheet ['pixel34'] :[('/pixel34/D_{out}', '/pixel33/D_{out}'), ('GND', 'GND'), ('/pixel35/D_{out}', '/pixel34/D_{out}'), ('VCC', 'VCC')]
11-29 22:04:46 com_github_MitjaNemec_ReplicateLayout.replicate_layout 895:Replicating tracks on sheet ['pixel36']
11-29 22:04:46 com_github_MitjaNemec_ReplicateLayout.replicate_layout 719:Net pairs for sheet ['pixel36'] :[('/pixel35/D_{out}', '/pixel36/D_{out}'), ('/pixel34/D_{out}', '/pixel35/D_{out}'), ('VCC', 'VCC'), ('GND', 'GND')]
11-29 22:04:46 com_github_MitjaNemec_ReplicateLayout.replicate_layout 895:Replicating tracks on sheet ['pixel37']
11-29 22:04:46 com_github_MitjaNemec_ReplicateLayout.replicate_layout 719:Net pairs for sheet ['pixel37'] :[('/pixel35/D_{out}', '/pixel37/D_{out}'), ('VCC', 'VCC'), ('/pixel34/D_{out}', '/pixel36/D_{out}'), ('GND', 'GND')]
11-29 22:04:46 com_github_MitjaNemec_ReplicateLayout.replicate_layout 895:Replicating tracks on sheet ['pixel4']
11-29 22:04:46 com_github_MitjaNemec_ReplicateLayout.replicate_layout 719:Net pairs for sheet ['pixel4'] :[('/pixel34/D_{out}', '/pixel3/D_{out}'), ('VCC', 'VCC'), ('/pixel35/D_{out}', '/pixel4/D_{out}'), ('GND', 'GND')]
11-29 22:04:46 com_github_MitjaNemec_ReplicateLayout.replicate_layout 895:Replicating tracks on sheet ['pixel5']
11-29 22:04:46 com_github_MitjaNemec_ReplicateLayout.replicate_layout 719:Net pairs for sheet ['pixel5'] :[('/pixel35/D_{out}', '/pixel5/D_{out}'), ('/pixel34/D_{out}', '/pixel4/D_{out}'), ('VCC', 'VCC'), ('GND', 'GND')]
11-29 22:04:46 com_github_MitjaNemec_ReplicateLayout.replicate_layout 895:Replicating tracks on sheet ['pixel6']
11-29 22:04:46 com_github_MitjaNemec_ReplicateLayout.replicate_layout 719:Net pairs for sheet ['pixel6'] :[('/pixel35/D_{out}', '/pixel6/D_{out}'), ('VCC', 'VCC'), ('/pixel34/D_{out}', '/pixel5/D_{out}'), ('GND', 'GND')]
11-29 22:04:46 com_github_MitjaNemec_ReplicateLayout.replicate_layout 895:Replicating tracks on sheet ['pixel7']
11-29 22:04:46 com_github_MitjaNemec_ReplicateLayout.replicate_layout 719:Net pairs for sheet ['pixel7'] :[('VCC', 'VCC'), ('/pixel35/D_{out}', '/pixel7/D_{out}'), ('GND', 'GND'), ('/pixel34/D_{out}', '/pixel6/D_{out}')]
11-29 22:04:46 com_github_MitjaNemec_ReplicateLayout.replicate_layout 895:Replicating tracks on sheet ['pixel8']
11-29 22:04:46 com_github_MitjaNemec_ReplicateLayout.replicate_layout 719:Net pairs for sheet ['pixel8'] :[('/pixel34/D_{out}', '/pixel7/D_{out}'), ('VCC', 'VCC'), ('/pixel35/D_{out}', '/pixel8/D_{out}'), ('GND', 'GND')]
11-29 22:04:46 com_github_MitjaNemec_ReplicateLayout.replicate_layout 895:Replicating tracks on sheet ['pixel9']
11-29 22:04:46 com_github_MitjaNemec_ReplicateLayout.replicate_layout 719:Net pairs for sheet ['pixel9'] :[('VCC', 'VCC'), ('GND', 'GND'), ('/pixel34/D_{out}', '/pixel8/D_{out}')]
11-29 22:04:46 root 299:updating GUI message: 'Replicating zones'
11-29 22:04:46 com_github_MitjaNemec_ReplicateLayout.replicate_layout 947:Replicating zones
11-29 22:04:46 root 304:updating GUI with: 0
11-29 22:04:46 com_github_MitjaNemec_ReplicateLayout.replicate_layout 954:Replicating zones on sheet ['pixel0']
11-29 22:04:46 com_github_MitjaNemec_ReplicateLayout.replicate_layout 719:Net pairs for sheet ['pixel0'] :[('/pixel35/D_{out}', '/pixel0/D_{out}'), ('VCC', 'VCC'), ('GND', 'GND')]
11-29 22:04:46 com_github_MitjaNemec_ReplicateLayout.replicate_layout 954:Replicating zones on sheet ['pixel1']
11-29 22:04:46 com_github_MitjaNemec_ReplicateLayout.replicate_layout 719:Net pairs for sheet ['pixel1'] :[('/pixel34/D_{out}', '/pixel0/D_{out}'), ('VCC', 'VCC'), ('/pixel35/D_{out}', '/pixel1/D_{out}'), ('GND', 'GND')]
11-29 22:04:46 com_github_MitjaNemec_ReplicateLayout.replicate_layout 954:Replicating zones on sheet ['pixel10']
11-29 22:04:46 com_github_MitjaNemec_ReplicateLayout.replicate_layout 719:Net pairs for sheet ['pixel10'] :[('/pixel35/D_{out}', '/pixel10/D_{out}'), ('VCC', 'VCC'), ('GND', 'GND')]
11-29 22:04:46 com_github_MitjaNemec_ReplicateLayout.replicate_layout 954:Replicating zones on sheet ['pixel11']
11-29 22:04:46 com_github_MitjaNemec_ReplicateLayout.replicate_layout 719:Net pairs for sheet ['pixel11'] :[('/pixel35/D_{out}', '/pixel11/D_{out}'), ('VCC', 'VCC'), ('/pixel34/D_{out}', '/pixel10/D_{out}'), ('GND', 'GND')]
11-29 22:04:46 com_github_MitjaNemec_ReplicateLayout.replicate_layout 954:Replicating zones on sheet ['pixel12']
11-29 22:04:46 com_github_MitjaNemec_ReplicateLayout.replicate_layout 719:Net pairs for sheet ['pixel12'] :[('VCC', 'VCC'), ('GND', 'GND'), ('/pixel34/D_{out}', '/pixel11/D_{out}'), ('/pixel35/D_{out}', '/pixel12/D_{out}')]
11-29 22:04:46 com_github_MitjaNemec_ReplicateLayout.replicate_layout 954:Replicating zones on sheet ['pixel13']
11-29 22:04:46 com_github_MitjaNemec_ReplicateLayout.replicate_layout 719:Net pairs for sheet ['pixel13'] :[('/pixel35/D_{out}', '/pixel13/D_{out}'), ('/pixel34/D_{out}', '/pixel12/D_{out}'), ('GND', 'GND'), ('VCC', 'VCC')]
11-29 22:04:46 com_github_MitjaNemec_ReplicateLayout.replicate_layout 954:Replicating zones on sheet ['pixel14']
11-29 22:04:46 com_github_MitjaNemec_ReplicateLayout.replicate_layout 719:Net pairs for sheet ['pixel14'] :[('VCC', 'VCC'), ('/pixel35/D_{out}', '/pixel14/D_{out}'), ('/pixel34/D_{out}', '/pixel13/D_{out}'), ('GND', 'GND')]
11-29 22:04:46 com_github_MitjaNemec_ReplicateLayout.replicate_layout 954:Replicating zones on sheet ['pixel15']
11-29 22:04:46 com_github_MitjaNemec_ReplicateLayout.replicate_layout 719:Net pairs for sheet ['pixel15'] :[('/pixel34/D_{out}', '/pixel14/D_{out}'), ('VCC', 'VCC'), ('/pixel35/D_{out}', '/pixel15/D_{out}'), ('GND', 'GND')]
11-29 22:04:46 com_github_MitjaNemec_ReplicateLayout.replicate_layout 954:Replicating zones on sheet ['pixel16']
11-29 22:04:46 com_github_MitjaNemec_ReplicateLayout.replicate_layout 719:Net pairs for sheet ['pixel16'] :[('/pixel34/D_{out}', '/pixel15/D_{out}'), ('VCC', 'VCC'), ('/pixel35/D_{out}', '/pixel16/D_{out}'), ('GND', 'GND')]
11-29 22:04:46 com_github_MitjaNemec_ReplicateLayout.replicate_layout 954:Replicating zones on sheet ['pixel17']
11-29 22:04:46 com_github_MitjaNemec_ReplicateLayout.replicate_layout 719:Net pairs for sheet ['pixel17'] :[('/pixel34/D_{out}', '/pixel16/D_{out}'), ('VCC', 'VCC'), ('/pixel35/D_{out}', '/pixel17/D_{out}'), ('GND', 'GND')]
11-29 22:04:46 com_github_MitjaNemec_ReplicateLayout.replicate_layout 954:Replicating zones on sheet ['pixel18']
11-29 22:04:46 com_github_MitjaNemec_ReplicateLayout.replicate_layout 719:Net pairs for sheet ['pixel18'] :[('/pixel35/D_{out}', '/pixel18/D_{out}'), ('/pixel34/D_{out}', '/pixel17/D_{out}'), ('VCC', 'VCC'), ('GND', 'GND')]
11-29 22:04:46 com_github_MitjaNemec_ReplicateLayout.replicate_layout 954:Replicating zones on sheet ['pixel19']
11-29 22:04:46 com_github_MitjaNemec_ReplicateLayout.replicate_layout 719:Net pairs for sheet ['pixel19'] :[('/pixel35/D_{out}', '/pixel19/D_{out}'), ('VCC', 'VCC'), ('/pixel34/D_{out}', '/pixel18/D_{out}'), ('GND', 'GND')]
11-29 22:04:46 com_github_MitjaNemec_ReplicateLayout.replicate_layout 954:Replicating zones on sheet ['pixel2']
11-29 22:04:46 com_github_MitjaNemec_ReplicateLayout.replicate_layout 719:Net pairs for sheet ['pixel2'] :[('/pixel35/D_{out}', '/pixel2/D_{out}'), ('VCC', 'VCC'), ('/pixel34/D_{out}', '/pixel1/D_{out}'), ('GND', 'GND')]
11-29 22:04:46 com_github_MitjaNemec_ReplicateLayout.replicate_layout 954:Replicating zones on sheet ['pixel20']
11-29 22:04:46 com_github_MitjaNemec_ReplicateLayout.replicate_layout 719:Net pairs for sheet ['pixel20'] :[('/pixel35/D_{out}', '/pixel20/D_{out}'), ('VCC', 'VCC'), ('/pixel34/D_{out}', '/pixel19/D_{out}'), ('GND', 'GND')]
11-29 22:04:46 com_github_MitjaNemec_ReplicateLayout.replicate_layout 954:Replicating zones on sheet ['pixel21']
11-29 22:04:46 com_github_MitjaNemec_ReplicateLayout.replicate_layout 719:Net pairs for sheet ['pixel21'] :[('/pixel35/D_{out}', '/pixel21/D_{out}'), ('/pixel34/D_{out}', '/pixel20/D_{out}'), ('VCC', 'VCC'), ('GND', 'GND')]
11-29 22:04:46 com_github_MitjaNemec_ReplicateLayout.replicate_layout 954:Replicating zones on sheet ['pixel22']
11-29 22:04:46 com_github_MitjaNemec_ReplicateLayout.replicate_layout 719:Net pairs for sheet ['pixel22'] :[('/pixel35/D_{out}', '/pixel22/D_{out}'), ('VCC', 'VCC'), ('/pixel34/D_{out}', '/pixel21/D_{out}'), ('GND', 'GND')]
11-29 22:04:46 com_github_MitjaNemec_ReplicateLayout.replicate_layout 954:Replicating zones on sheet ['pixel23']
11-29 22:04:46 com_github_MitjaNemec_ReplicateLayout.replicate_layout 719:Net pairs for sheet ['pixel23'] :[('/pixel34/D_{out}', '/pixel22/D_{out}'), ('VCC', 'VCC'), ('/pixel35/D_{out}', '/pixel23/D_{out}'), ('GND', 'GND')]
11-29 22:04:46 com_github_MitjaNemec_ReplicateLayout.replicate_layout 954:Replicating zones on sheet ['pixel24']
11-29 22:04:46 com_github_MitjaNemec_ReplicateLayout.replicate_layout 719:Net pairs for sheet ['pixel24'] :[('/pixel34/D_{out}', '/pixel23/D_{out}'), ('/pixel35/D_{out}', '/pixel24/D_{out}'), ('VCC', 'VCC'), ('GND', 'GND')]
11-29 22:04:46 com_github_MitjaNemec_ReplicateLayout.replicate_layout 954:Replicating zones on sheet ['pixel25']
11-29 22:04:46 com_github_MitjaNemec_ReplicateLayout.replicate_layout 719:Net pairs for sheet ['pixel25'] :[('/pixel34/D_{out}', '/pixel24/D_{out}'), ('VCC', 'VCC'), ('/pixel35/D_{out}', '/pixel25/D_{out}'), ('GND', 'GND')]
11-29 22:04:46 com_github_MitjaNemec_ReplicateLayout.replicate_layout 954:Replicating zones on sheet ['pixel26']
11-29 22:04:46 com_github_MitjaNemec_ReplicateLayout.replicate_layout 719:Net pairs for sheet ['pixel26'] :[('/pixel35/D_{out}', '/pixel26/D_{out}'), ('VCC', 'VCC'), ('/pixel34/D_{out}', '/pixel25/D_{out}'), ('GND', 'GND')]
11-29 22:04:46 com_github_MitjaNemec_ReplicateLayout.replicate_layout 954:Replicating zones on sheet ['pixel27']
11-29 22:04:46 com_github_MitjaNemec_ReplicateLayout.replicate_layout 719:Net pairs for sheet ['pixel27'] :[('/pixel34/D_{out}', '/pixel26/D_{out}'), ('/pixel35/D_{out}', '/pixel27/D_{out}'), ('VCC', 'VCC'), ('GND', 'GND')]
11-29 22:04:46 com_github_MitjaNemec_ReplicateLayout.replicate_layout 954:Replicating zones on sheet ['pixel28']
11-29 22:04:46 com_github_MitjaNemec_ReplicateLayout.replicate_layout 719:Net pairs for sheet ['pixel28'] :[('/pixel35/D_{out}', '/pixel28/D_{out}'), ('VCC', 'VCC'), ('/pixel34/D_{out}', '/pixel27/D_{out}'), ('GND', 'GND')]
11-29 22:04:46 com_github_MitjaNemec_ReplicateLayout.replicate_layout 954:Replicating zones on sheet ['pixel29']
11-29 22:04:46 com_github_MitjaNemec_ReplicateLayout.replicate_layout 719:Net pairs for sheet ['pixel29'] :[('/pixel35/D_{out}', '/pixel29/D_{out}'), ('VCC', 'VCC'), ('/pixel34/D_{out}', '/pixel28/D_{out}'), ('GND', 'GND')]
11-29 22:04:46 com_github_MitjaNemec_ReplicateLayout.replicate_layout 954:Replicating zones on sheet ['pixel3']
11-29 22:04:46 com_github_MitjaNemec_ReplicateLayout.replicate_layout 719:Net pairs for sheet ['pixel3'] :[('/pixel34/D_{out}', '/pixel2/D_{out}'), ('GND', 'GND'), ('/pixel35/D_{out}', '/pixel3/D_{out}'), ('VCC', 'VCC')]
11-29 22:04:46 com_github_MitjaNemec_ReplicateLayout.replicate_layout 954:Replicating zones on sheet ['pixel30']
11-29 22:04:46 com_github_MitjaNemec_ReplicateLayout.replicate_layout 719:Net pairs for sheet ['pixel30'] :[('/pixel35/D_{out}', '/pixel30/D_{out}'), ('/pixel34/D_{out}', '/pixel29/D_{out}'), ('VCC', 'VCC'), ('GND', 'GND')]
11-29 22:04:46 com_github_MitjaNemec_ReplicateLayout.replicate_layout 954:Replicating zones on sheet ['pixel31']
11-29 22:04:46 com_github_MitjaNemec_ReplicateLayout.replicate_layout 719:Net pairs for sheet ['pixel31'] :[('/pixel34/D_{out}', '/pixel30/D_{out}'), ('/pixel35/D_{out}', '/pixel31/D_{out}'), ('VCC', 'VCC'), ('GND', 'GND')]
11-29 22:04:46 com_github_MitjaNemec_ReplicateLayout.replicate_layout 954:Replicating zones on sheet ['pixel32']
11-29 22:04:46 com_github_MitjaNemec_ReplicateLayout.replicate_layout 719:Net pairs for sheet ['pixel32'] :[('/pixel35/D_{out}', '/pixel32/D_{out}'), ('VCC', 'VCC'), ('/pixel34/D_{out}', '/pixel31/D_{out}'), ('GND', 'GND')]
11-29 22:04:46 com_github_MitjaNemec_ReplicateLayout.replicate_layout 954:Replicating zones on sheet ['pixel33']
11-29 22:04:46 com_github_MitjaNemec_ReplicateLayout.replicate_layout 719:Net pairs for sheet ['pixel33'] :[('/pixel35/D_{out}', '/pixel33/D_{out}'), ('VCC', 'VCC'), ('GND', 'GND'), ('/pixel34/D_{out}', '/pixel32/D_{out}')]
11-29 22:04:46 com_github_MitjaNemec_ReplicateLayout.replicate_layout 954:Replicating zones on sheet ['pixel34']
11-29 22:04:46 com_github_MitjaNemec_ReplicateLayout.replicate_layout 719:Net pairs for sheet ['pixel34'] :[('/pixel34/D_{out}', '/pixel33/D_{out}'), ('GND', 'GND'), ('/pixel35/D_{out}', '/pixel34/D_{out}'), ('VCC', 'VCC')]
11-29 22:04:46 com_github_MitjaNemec_ReplicateLayout.replicate_layout 954:Replicating zones on sheet ['pixel36']
11-29 22:04:46 com_github_MitjaNemec_ReplicateLayout.replicate_layout 719:Net pairs for sheet ['pixel36'] :[('/pixel35/D_{out}', '/pixel36/D_{out}'), ('/pixel34/D_{out}', '/pixel35/D_{out}'), ('VCC', 'VCC'), ('GND', 'GND')]
11-29 22:04:46 com_github_MitjaNemec_ReplicateLayout.replicate_layout 954:Replicating zones on sheet ['pixel37']
11-29 22:04:46 com_github_MitjaNemec_ReplicateLayout.replicate_layout 719:Net pairs for sheet ['pixel37'] :[('/pixel35/D_{out}', '/pixel37/D_{out}'), ('VCC', 'VCC'), ('/pixel34/D_{out}', '/pixel36/D_{out}'), ('GND', 'GND')]
11-29 22:04:46 com_github_MitjaNemec_ReplicateLayout.replicate_layout 954:Replicating zones on sheet ['pixel4']
11-29 22:04:46 com_github_MitjaNemec_ReplicateLayout.replicate_layout 719:Net pairs for sheet ['pixel4'] :[('/pixel34/D_{out}', '/pixel3/D_{out}'), ('VCC', 'VCC'), ('/pixel35/D_{out}', '/pixel4/D_{out}'), ('GND', 'GND')]
11-29 22:04:46 com_github_MitjaNemec_ReplicateLayout.replicate_layout 954:Replicating zones on sheet ['pixel5']
11-29 22:04:46 com_github_MitjaNemec_ReplicateLayout.replicate_layout 719:Net pairs for sheet ['pixel5'] :[('/pixel35/D_{out}', '/pixel5/D_{out}'), ('/pixel34/D_{out}', '/pixel4/D_{out}'), ('VCC', 'VCC'), ('GND', 'GND')]
11-29 22:04:46 com_github_MitjaNemec_ReplicateLayout.replicate_layout 954:Replicating zones on sheet ['pixel6']
11-29 22:04:46 com_github_MitjaNemec_ReplicateLayout.replicate_layout 719:Net pairs for sheet ['pixel6'] :[('/pixel35/D_{out}', '/pixel6/D_{out}'), ('VCC', 'VCC'), ('/pixel34/D_{out}', '/pixel5/D_{out}'), ('GND', 'GND')]
11-29 22:04:46 com_github_MitjaNemec_ReplicateLayout.replicate_layout 954:Replicating zones on sheet ['pixel7']
11-29 22:04:46 com_github_MitjaNemec_ReplicateLayout.replicate_layout 719:Net pairs for sheet ['pixel7'] :[('VCC', 'VCC'), ('/pixel35/D_{out}', '/pixel7/D_{out}'), ('GND', 'GND'), ('/pixel34/D_{out}', '/pixel6/D_{out}')]
11-29 22:04:46 com_github_MitjaNemec_ReplicateLayout.replicate_layout 954:Replicating zones on sheet ['pixel8']
11-29 22:04:46 com_github_MitjaNemec_ReplicateLayout.replicate_layout 719:Net pairs for sheet ['pixel8'] :[('/pixel34/D_{out}', '/pixel7/D_{out}'), ('VCC', 'VCC'), ('/pixel35/D_{out}', '/pixel8/D_{out}'), ('GND', 'GND')]
11-29 22:04:46 com_github_MitjaNemec_ReplicateLayout.replicate_layout 954:Replicating zones on sheet ['pixel9']
11-29 22:04:46 com_github_MitjaNemec_ReplicateLayout.replicate_layout 719:Net pairs for sheet ['pixel9'] :[('VCC', 'VCC'), ('GND', 'GND'), ('/pixel34/D_{out}', '/pixel8/D_{out}')]
11-29 22:04:46 root 299:updating GUI message: 'Replicating text'
11-29 22:04:46 com_github_MitjaNemec_ReplicateLayout.replicate_layout 1025:Replicating text
11-29 22:04:46 com_github_MitjaNemec_ReplicateLayout.replicate_layout 1032:Replicating text on sheet ['pixel0']
11-29 22:04:46 com_github_MitjaNemec_ReplicateLayout.replicate_layout 1032:Replicating text on sheet ['pixel1']
11-29 22:04:46 com_github_MitjaNemec_ReplicateLayout.replicate_layout 1032:Replicating text on sheet ['pixel10']
11-29 22:04:46 com_github_MitjaNemec_ReplicateLayout.replicate_layout 1032:Replicating text on sheet ['pixel11']
11-29 22:04:46 com_github_MitjaNemec_ReplicateLayout.replicate_layout 1032:Replicating text on sheet ['pixel12']
11-29 22:04:46 com_github_MitjaNemec_ReplicateLayout.replicate_layout 1032:Replicating text on sheet ['pixel13']
11-29 22:04:46 com_github_MitjaNemec_ReplicateLayout.replicate_layout 1032:Replicating text on sheet ['pixel14']
11-29 22:04:46 com_github_MitjaNemec_ReplicateLayout.replicate_layout 1032:Replicating text on sheet ['pixel15']
11-29 22:04:46 com_github_MitjaNemec_ReplicateLayout.replicate_layout 1032:Replicating text on sheet ['pixel16']
11-29 22:04:46 com_github_MitjaNemec_ReplicateLayout.replicate_layout 1032:Replicating text on sheet ['pixel17']
11-29 22:04:46 com_github_MitjaNemec_ReplicateLayout.replicate_layout 1032:Replicating text on sheet ['pixel18']
11-29 22:04:46 com_github_MitjaNemec_ReplicateLayout.replicate_layout 1032:Replicating text on sheet ['pixel19']
11-29 22:04:46 com_github_MitjaNemec_ReplicateLayout.replicate_layout 1032:Replicating text on sheet ['pixel2']
11-29 22:04:46 com_github_MitjaNemec_ReplicateLayout.replicate_layout 1032:Replicating text on sheet ['pixel20']
11-29 22:04:46 com_github_MitjaNemec_ReplicateLayout.replicate_layout 1032:Replicating text on sheet ['pixel21']
11-29 22:04:46 com_github_MitjaNemec_ReplicateLayout.replicate_layout 1032:Replicating text on sheet ['pixel22']
11-29 22:04:46 com_github_MitjaNemec_ReplicateLayout.replicate_layout 1032:Replicating text on sheet ['pixel23']
11-29 22:04:46 com_github_MitjaNemec_ReplicateLayout.replicate_layout 1032:Replicating text on sheet ['pixel24']
11-29 22:04:46 com_github_MitjaNemec_ReplicateLayout.replicate_layout 1032:Replicating text on sheet ['pixel25']
11-29 22:04:46 com_github_MitjaNemec_ReplicateLayout.replicate_layout 1032:Replicating text on sheet ['pixel26']
11-29 22:04:46 com_github_MitjaNemec_ReplicateLayout.replicate_layout 1032:Replicating text on sheet ['pixel27']
11-29 22:04:46 com_github_MitjaNemec_ReplicateLayout.replicate_layout 1032:Replicating text on sheet ['pixel28']
11-29 22:04:46 com_github_MitjaNemec_ReplicateLayout.replicate_layout 1032:Replicating text on sheet ['pixel29']
11-29 22:04:46 com_github_MitjaNemec_ReplicateLayout.replicate_layout 1032:Replicating text on sheet ['pixel3']
11-29 22:04:46 com_github_MitjaNemec_ReplicateLayout.replicate_layout 1032:Replicating text on sheet ['pixel30']
11-29 22:04:46 com_github_MitjaNemec_ReplicateLayout.replicate_layout 1032:Replicating text on sheet ['pixel31']
11-29 22:04:46 com_github_MitjaNemec_ReplicateLayout.replicate_layout 1032:Replicating text on sheet ['pixel32']
11-29 22:04:46 com_github_MitjaNemec_ReplicateLayout.replicate_layout 1032:Replicating text on sheet ['pixel33']
11-29 22:04:46 com_github_MitjaNemec_ReplicateLayout.replicate_layout 1032:Replicating text on sheet ['pixel34']
11-29 22:04:46 com_github_MitjaNemec_ReplicateLayout.replicate_layout 1032:Replicating text on sheet ['pixel36']
11-29 22:04:46 com_github_MitjaNemec_ReplicateLayout.replicate_layout 1032:Replicating text on sheet ['pixel37']
11-29 22:04:46 com_github_MitjaNemec_ReplicateLayout.replicate_layout 1032:Replicating text on sheet ['pixel4']
11-29 22:04:46 com_github_MitjaNemec_ReplicateLayout.replicate_layout 1032:Replicating text on sheet ['pixel5']
11-29 22:04:46 com_github_MitjaNemec_ReplicateLayout.replicate_layout 1032:Replicating text on sheet ['pixel6']
11-29 22:04:46 com_github_MitjaNemec_ReplicateLayout.replicate_layout 1032:Replicating text on sheet ['pixel7']
11-29 22:04:46 com_github_MitjaNemec_ReplicateLayout.replicate_layout 1032:Replicating text on sheet ['pixel8']
11-29 22:04:46 com_github_MitjaNemec_ReplicateLayout.replicate_layout 1032:Replicating text on sheet ['pixel9']
11-29 22:04:46 root 299:updating GUI message: 'Replicating drawings'
11-29 22:04:46 com_github_MitjaNemec_ReplicateLayout.replicate_layout 1065:Replicating drawings
11-29 22:04:46 com_github_MitjaNemec_ReplicateLayout.replicate_layout 1071:Replicating drawings on sheet ['pixel0']
11-29 22:04:46 com_github_MitjaNemec_ReplicateLayout.replicate_layout 1071:Replicating drawings on sheet ['pixel1']
11-29 22:04:46 com_github_MitjaNemec_ReplicateLayout.replicate_layout 1071:Replicating drawings on sheet ['pixel10']
11-29 22:04:46 com_github_MitjaNemec_ReplicateLayout.replicate_layout 1071:Replicating drawings on sheet ['pixel11']
11-29 22:04:46 com_github_MitjaNemec_ReplicateLayout.replicate_layout 1071:Replicating drawings on sheet ['pixel12']
11-29 22:04:46 com_github_MitjaNemec_ReplicateLayout.replicate_layout 1071:Replicating drawings on sheet ['pixel13']
11-29 22:04:46 com_github_MitjaNemec_ReplicateLayout.replicate_layout 1071:Replicating drawings on sheet ['pixel14']
11-29 22:04:46 com_github_MitjaNemec_ReplicateLayout.replicate_layout 1071:Replicating drawings on sheet ['pixel15']
11-29 22:04:46 com_github_MitjaNemec_ReplicateLayout.replicate_layout 1071:Replicating drawings on sheet ['pixel16']
11-29 22:04:46 com_github_MitjaNemec_ReplicateLayout.replicate_layout 1071:Replicating drawings on sheet ['pixel17']
11-29 22:04:46 com_github_MitjaNemec_ReplicateLayout.replicate_layout 1071:Replicating drawings on sheet ['pixel18']
11-29 22:04:46 com_github_MitjaNemec_ReplicateLayout.replicate_layout 1071:Replicating drawings on sheet ['pixel19']
11-29 22:04:46 com_github_MitjaNemec_ReplicateLayout.replicate_layout 1071:Replicating drawings on sheet ['pixel2']
11-29 22:04:46 com_github_MitjaNemec_ReplicateLayout.replicate_layout 1071:Replicating drawings on sheet ['pixel20']
11-29 22:04:46 com_github_MitjaNemec_ReplicateLayout.replicate_layout 1071:Replicating drawings on sheet ['pixel21']
11-29 22:04:46 com_github_MitjaNemec_ReplicateLayout.replicate_layout 1071:Replicating drawings on sheet ['pixel22']
11-29 22:04:46 com_github_MitjaNemec_ReplicateLayout.replicate_layout 1071:Replicating drawings on sheet ['pixel23']
11-29 22:04:46 com_github_MitjaNemec_ReplicateLayout.replicate_layout 1071:Replicating drawings on sheet ['pixel24']
11-29 22:04:46 com_github_MitjaNemec_ReplicateLayout.replicate_layout 1071:Replicating drawings on sheet ['pixel25']
11-29 22:04:46 com_github_MitjaNemec_ReplicateLayout.replicate_layout 1071:Replicating drawings on sheet ['pixel26']
11-29 22:04:46 com_github_MitjaNemec_ReplicateLayout.replicate_layout 1071:Replicating drawings on sheet ['pixel27']
11-29 22:04:46 com_github_MitjaNemec_ReplicateLayout.replicate_layout 1071:Replicating drawings on sheet ['pixel28']
11-29 22:04:46 com_github_MitjaNemec_ReplicateLayout.replicate_layout 1071:Replicating drawings on sheet ['pixel29']
11-29 22:04:46 com_github_MitjaNemec_ReplicateLayout.replicate_layout 1071:Replicating drawings on sheet ['pixel3']
11-29 22:04:46 com_github_MitjaNemec_ReplicateLayout.replicate_layout 1071:Replicating drawings on sheet ['pixel30']
11-29 22:04:46 com_github_MitjaNemec_ReplicateLayout.replicate_layout 1071:Replicating drawings on sheet ['pixel31']
11-29 22:04:46 com_github_MitjaNemec_ReplicateLayout.replicate_layout 1071:Replicating drawings on sheet ['pixel32']
11-29 22:04:46 com_github_MitjaNemec_ReplicateLayout.replicate_layout 1071:Replicating drawings on sheet ['pixel33']
11-29 22:04:46 com_github_MitjaNemec_ReplicateLayout.replicate_layout 1071:Replicating drawings on sheet ['pixel34']
11-29 22:04:46 com_github_MitjaNemec_ReplicateLayout.replicate_layout 1071:Replicating drawings on sheet ['pixel36']
11-29 22:04:46 com_github_MitjaNemec_ReplicateLayout.replicate_layout 1071:Replicating drawings on sheet ['pixel37']
11-29 22:04:46 com_github_MitjaNemec_ReplicateLayout.replicate_layout 1071:Replicating drawings on sheet ['pixel4']
11-29 22:04:46 com_github_MitjaNemec_ReplicateLayout.replicate_layout 1071:Replicating drawings on sheet ['pixel5']
11-29 22:04:46 com_github_MitjaNemec_ReplicateLayout.replicate_layout 1071:Replicating drawings on sheet ['pixel6']
11-29 22:04:46 com_github_MitjaNemec_ReplicateLayout.replicate_layout 1071:Replicating drawings on sheet ['pixel7']
11-29 22:04:46 com_github_MitjaNemec_ReplicateLayout.replicate_layout 1071:Replicating drawings on sheet ['pixel8']
11-29 22:04:46 com_github_MitjaNemec_ReplicateLayout.replicate_layout 1071:Replicating drawings on sheet ['pixel9']
11-29 22:04:47 com_github_MitjaNemec_ReplicateLayout.action_replicate_layout 223:Replication complete
11-29 22:04:47 com_github_MitjaNemec_ReplicateLayout.action_replicate_layout 226:Letting the user know there are some issues with replicated design
11-29 22:04:47 com_github_MitjaNemec_ReplicateLayout.action_replicate_layout 230:Looks like the design has an exotic connectivity that is not supported by the plugin
 Make sure that you check the connectivity around:
Footprint D1, pad 1
Footprint D11, pad 1
Footprint D10, pad 3

